[2024-01-24 07:56:48,773] INFO: {
    "abs_dir": "/home/aiRobots/src/siMLPe/exps/baseline_amass",
    "amass_anno_dir": "/home/aiRobots/src/siMLPe/data/amass/",
    "batch_size": 256,
    "cos_lr_max": 0.0003,
    "cos_lr_min": 5e-08,
    "cos_lr_total_iters": 115000,
    "data_aug": true,
    "deriv_input": true,
    "deriv_output": true,
    "link_log_file": "/home/aiRobots/src/siMLPe/exps/baseline_amass/log/log_last.log",
    "link_val_log_file": "/home/aiRobots/src/siMLPe/exps/baseline_amass/log/val_last.log",
    "log_dir": "/home/aiRobots/src/siMLPe/exps/baseline_amass/log",
    "log_file": "/home/aiRobots/src/siMLPe/exps/baseline_amass/log/log_2024_01_24_07_55_54.log",
    "model_pth": null,
    "motion": {
        "amass_input_length": 50,
        "amass_input_length_dct": 50,
        "amass_target_length": 25,
        "amass_target_length_eval": 25,
        "amass_target_length_train": 25,
        "dim": 54,
        "pw3d_input_length": 50,
        "pw3d_target_length_eval": 25,
        "pw3d_target_length_train": 25
    },
    "motion_fc_in": {
        "activation": "relu",
        "in_features": 54,
        "init_w_trunc_normal": false,
        "out_features": 54,
        "temporal_fc": false,
        "with_norm": false
    },
    "motion_fc_out": {
        "activation": "relu",
        "in_features": 54,
        "init_w_trunc_normal": true,
        "out_features": 54,
        "temporal_fc": false,
        "with_norm": false
    },
    "motion_mlp": {
        "hidden_dim": 54,
        "norm_axis": "spatial",
        "num_layers": 48,
        "seq_len": 50,
        "spatial_fc_only": false,
        "with_normalization": true
    },
    "num_workers": 8,
    "post_dct": false,
    "pre_dct": false,
    "print_every": 100,
    "pw3d_anno_dir": "/home/aiRobots/src/siMLPe/data/3dpw/sequenceFiles/",
    "repo_name": "siMLPe",
    "root_dir": "/home/aiRobots/src/siMLPe",
    "save_every": 5000,
    "seed": 888,
    "shift_step": 5,
    "snapshot_dir": "/home/aiRobots/src/siMLPe/exps/baseline_amass/log/snapshot",
    "this_dir": "baseline_amass",
    "use_relative_loss": true,
    "val_log_file": "/home/aiRobots/src/siMLPe/exps/baseline_amass/log/val_2024_01_24_07_55_54.log",
    "weight_decay": 0.0001
}
[2024-01-24 07:56:51,763] INFO: Iter 100 Summary: 
[2024-01-24 07:56:51,763] INFO: 	 lr: 0.00030000000000000073 	 Training loss: 0.09866055086255074
[2024-01-24 07:56:54,510] INFO: Iter 200 Summary: 
[2024-01-24 07:56:54,510] INFO: 	 lr: 0.00030000000000000073 	 Training loss: 0.07970086477696896
[2024-01-24 07:56:57,228] INFO: Iter 300 Summary: 
[2024-01-24 07:56:57,228] INFO: 	 lr: 0.00030000000000000073 	 Training loss: 0.07207509778439998
[2024-01-24 07:56:59,895] INFO: Iter 400 Summary: 
[2024-01-24 07:56:59,896] INFO: 	 lr: 0.00030000000000000073 	 Training loss: 0.06888341203331948
[2024-01-24 07:57:02,568] INFO: Iter 500 Summary: 
[2024-01-24 07:57:02,568] INFO: 	 lr: 0.00030000000000000073 	 Training loss: 0.06719265434890985
[2024-01-24 07:57:05,183] INFO: Iter 600 Summary: 
[2024-01-24 07:57:05,183] INFO: 	 lr: 0.00030000000000000073 	 Training loss: 0.06574191194027662
[2024-01-24 07:57:07,683] INFO: Iter 700 Summary: 
[2024-01-24 07:57:07,684] INFO: 	 lr: 0.00030000000000000073 	 Training loss: 0.06505372971296311
[2024-01-24 07:57:10,471] INFO: Iter 800 Summary: 
[2024-01-24 07:57:10,471] INFO: 	 lr: 0.00030000000000000073 	 Training loss: 0.06387996215373277
[2024-01-24 07:57:13,263] INFO: Iter 900 Summary: 
[2024-01-24 07:57:13,263] INFO: 	 lr: 0.00030000000000000073 	 Training loss: 0.0637226140126586
[2024-01-24 07:57:16,042] INFO: Iter 1000 Summary: 
[2024-01-24 07:57:16,042] INFO: 	 lr: 0.00030000000000000073 	 Training loss: 0.06281336572021246
[2024-01-24 07:57:18,642] INFO: Iter 1100 Summary: 
[2024-01-24 07:57:18,642] INFO: 	 lr: 0.00030000000000000073 	 Training loss: 0.062083161622285846
[2024-01-24 07:57:21,512] INFO: Iter 1200 Summary: 
[2024-01-24 07:57:21,512] INFO: 	 lr: 0.00030000000000000073 	 Training loss: 0.0616617776080966
[2024-01-24 07:57:24,088] INFO: Iter 1300 Summary: 
[2024-01-24 07:57:24,088] INFO: 	 lr: 0.00030000000000000073 	 Training loss: 0.06138411946594715
[2024-01-24 07:57:26,658] INFO: Iter 1400 Summary: 
[2024-01-24 07:57:26,658] INFO: 	 lr: 0.00030000000000000073 	 Training loss: 0.06102396670728922
[2024-01-24 07:57:29,337] INFO: Iter 1500 Summary: 
[2024-01-24 07:57:29,338] INFO: 	 lr: 0.00030000000000000073 	 Training loss: 0.06052622187882662
[2024-01-24 07:57:32,026] INFO: Iter 1600 Summary: 
[2024-01-24 07:57:32,026] INFO: 	 lr: 0.00030000000000000073 	 Training loss: 0.060147434398531915
[2024-01-24 07:57:34,584] INFO: Iter 1700 Summary: 
[2024-01-24 07:57:34,584] INFO: 	 lr: 0.00030000000000000073 	 Training loss: 0.05966938678175211
[2024-01-24 07:57:37,227] INFO: Iter 1800 Summary: 
[2024-01-24 07:57:37,227] INFO: 	 lr: 0.00030000000000000073 	 Training loss: 0.05860090240836144
[2024-01-24 07:57:40,084] INFO: Iter 1900 Summary: 
[2024-01-24 07:57:40,084] INFO: 	 lr: 0.00030000000000000073 	 Training loss: 0.05886689271777868
[2024-01-24 07:57:42,807] INFO: Iter 2000 Summary: 
[2024-01-24 07:57:42,807] INFO: 	 lr: 0.00030000000000000073 	 Training loss: 0.058561157025396826
[2024-01-24 07:57:45,338] INFO: Iter 2100 Summary: 
[2024-01-24 07:57:45,338] INFO: 	 lr: 0.00030000000000000073 	 Training loss: 0.058301390409469606
[2024-01-24 07:57:48,122] INFO: Iter 2200 Summary: 
[2024-01-24 07:57:48,122] INFO: 	 lr: 0.00030000000000000073 	 Training loss: 0.05770072065293789
[2024-01-24 07:57:50,885] INFO: Iter 2300 Summary: 
[2024-01-24 07:57:50,885] INFO: 	 lr: 0.00030000000000000073 	 Training loss: 0.05735681269317865
[2024-01-24 07:57:53,520] INFO: Iter 2400 Summary: 
[2024-01-24 07:57:53,520] INFO: 	 lr: 0.00030000000000000073 	 Training loss: 0.057302918545901776
[2024-01-24 07:57:56,356] INFO: Iter 2500 Summary: 
[2024-01-24 07:57:56,356] INFO: 	 lr: 0.00030000000000000073 	 Training loss: 0.05703567836433649
[2024-01-24 07:57:59,033] INFO: Iter 2600 Summary: 
[2024-01-24 07:57:59,033] INFO: 	 lr: 0.00030000000000000073 	 Training loss: 0.05690142896026373
[2024-01-24 07:58:01,599] INFO: Iter 2700 Summary: 
[2024-01-24 07:58:01,599] INFO: 	 lr: 0.00030000000000000073 	 Training loss: 0.056595995798707006
[2024-01-24 07:58:04,260] INFO: Iter 2800 Summary: 
[2024-01-24 07:58:04,260] INFO: 	 lr: 0.00030000000000000073 	 Training loss: 0.056499514020979406
[2024-01-24 07:58:07,037] INFO: Iter 2900 Summary: 
[2024-01-24 07:58:07,037] INFO: 	 lr: 0.00030000000000000073 	 Training loss: 0.05616317145526409
[2024-01-24 07:58:09,792] INFO: Iter 3000 Summary: 
[2024-01-24 07:58:09,792] INFO: 	 lr: 0.00030000000000000073 	 Training loss: 0.055999592058360574
[2024-01-24 07:58:12,416] INFO: Iter 3100 Summary: 
[2024-01-24 07:58:12,416] INFO: 	 lr: 0.00030000000000000073 	 Training loss: 0.055527230724692345
[2024-01-24 07:58:15,077] INFO: Iter 3200 Summary: 
[2024-01-24 07:58:15,077] INFO: 	 lr: 0.00030000000000000073 	 Training loss: 0.055334230996668336
[2024-01-24 07:58:17,854] INFO: Iter 3300 Summary: 
[2024-01-24 07:58:17,854] INFO: 	 lr: 0.00030000000000000073 	 Training loss: 0.05524085976183415
[2024-01-24 07:58:20,426] INFO: Iter 3400 Summary: 
[2024-01-24 07:58:20,426] INFO: 	 lr: 0.00030000000000000073 	 Training loss: 0.05536742754280567
[2024-01-24 07:58:23,254] INFO: Iter 3500 Summary: 
[2024-01-24 07:58:23,254] INFO: 	 lr: 0.00030000000000000073 	 Training loss: 0.05535300519317388
[2024-01-24 07:58:26,096] INFO: Iter 3600 Summary: 
[2024-01-24 07:58:26,096] INFO: 	 lr: 0.00030000000000000073 	 Training loss: 0.05545871268957853
[2024-01-24 07:58:28,853] INFO: Iter 3700 Summary: 
[2024-01-24 07:58:28,853] INFO: 	 lr: 0.00030000000000000073 	 Training loss: 0.05522134453058243
[2024-01-24 07:58:31,577] INFO: Iter 3800 Summary: 
[2024-01-24 07:58:31,577] INFO: 	 lr: 0.00030000000000000073 	 Training loss: 0.05495358947664499
