[2024-01-29 07:34:11,273] INFO: {
    "abs_dir": "/home/aiRobots/src/siMLPe/exps/baseline_amass",
    "amass_anno_dir": "/home/aiRobots/src/siMLPe/data/amass/",
    "batch_size": 256,
    "cos_lr_max": 0.0003,
    "cos_lr_min": 5e-08,
    "cos_lr_total_iters": 115000,
    "data_aug": true,
    "deriv_input": true,
    "deriv_output": true,
    "link_log_file": "/home/aiRobots/src/siMLPe/exps/baseline_amass/log/log_last.log",
    "link_val_log_file": "/home/aiRobots/src/siMLPe/exps/baseline_amass/log/val_last.log",
    "log_dir": "/home/aiRobots/src/siMLPe/exps/baseline_amass/log",
    "log_file": "/home/aiRobots/src/siMLPe/exps/baseline_amass/log/log_2024_01_29_07_33_34.log",
    "model_pth": null,
    "motion": {
        "amass_input_length": 50,
        "amass_input_length_dct": 50,
        "amass_target_length": 25,
        "amass_target_length_eval": 25,
        "amass_target_length_train": 25,
        "dim": 54,
        "pw3d_input_length": 50,
        "pw3d_target_length_eval": 25,
        "pw3d_target_length_train": 25
    },
    "motion_fc_in": {
        "activation": "relu",
        "in_features": 54,
        "init_w_trunc_normal": false,
        "out_features": 54,
        "temporal_fc": false,
        "with_norm": false
    },
    "motion_fc_out": {
        "activation": "relu",
        "in_features": 54,
        "init_w_trunc_normal": true,
        "out_features": 54,
        "temporal_fc": false,
        "with_norm": false
    },
    "motion_mlp": {
        "hidden_dim": 54,
        "norm_axis": "spatial",
        "num_layers": 48,
        "seq_len": 50,
        "spatial_fc_only": false,
        "with_normalization": true
    },
    "num_workers": 8,
    "post_dct": false,
    "pre_dct": false,
    "print_every": 100,
    "pw3d_anno_dir": "/home/aiRobots/src/siMLPe/data/3dpw/sequenceFiles/",
    "repo_name": "siMLPe",
    "root_dir": "/home/aiRobots/src/siMLPe",
    "save_every": 5000,
    "seed": 888,
    "shift_step": 5,
    "snapshot_dir": "/home/aiRobots/src/siMLPe/exps/baseline_amass/log/snapshot",
    "this_dir": "baseline_amass",
    "use_relative_loss": true,
    "val_log_file": "/home/aiRobots/src/siMLPe/exps/baseline_amass/log/val_2024_01_29_07_33_34.log",
    "weight_decay": 0.0001
}
[2024-01-29 07:34:14,458] INFO: Iter 100 Summary: 
[2024-01-29 07:34:14,458] INFO: 	 lr: 0.00030000000000000073 	 Training loss: 0.09725142307579518
[2024-01-29 07:34:17,218] INFO: Iter 200 Summary: 
[2024-01-29 07:34:17,218] INFO: 	 lr: 0.00030000000000000073 	 Training loss: 0.07663347378373146
[2024-01-29 07:34:19,768] INFO: Iter 300 Summary: 
[2024-01-29 07:34:19,768] INFO: 	 lr: 0.00030000000000000073 	 Training loss: 0.07265475697815418
[2024-01-29 07:34:22,551] INFO: Iter 400 Summary: 
[2024-01-29 07:34:22,551] INFO: 	 lr: 0.00030000000000000073 	 Training loss: 0.07000722460448743
[2024-01-29 07:34:25,408] INFO: Iter 500 Summary: 
[2024-01-29 07:34:25,409] INFO: 	 lr: 0.00030000000000000073 	 Training loss: 0.06810240264981986
[2024-01-29 07:34:28,217] INFO: Iter 600 Summary: 
[2024-01-29 07:34:28,217] INFO: 	 lr: 0.00030000000000000073 	 Training loss: 0.06582954853773117
[2024-01-29 07:34:31,001] INFO: Iter 700 Summary: 
[2024-01-29 07:34:31,001] INFO: 	 lr: 0.00030000000000000073 	 Training loss: 0.06555583383888006
[2024-01-29 07:34:33,858] INFO: Iter 800 Summary: 
[2024-01-29 07:34:33,858] INFO: 	 lr: 0.00030000000000000073 	 Training loss: 0.06530249435454608
[2024-01-29 07:34:36,679] INFO: Iter 900 Summary: 
[2024-01-29 07:34:36,679] INFO: 	 lr: 0.00030000000000000073 	 Training loss: 0.06411153770983219
[2024-01-29 07:34:39,514] INFO: Iter 1000 Summary: 
[2024-01-29 07:34:39,515] INFO: 	 lr: 0.00030000000000000073 	 Training loss: 0.06340837959200143
[2024-01-29 07:34:42,205] INFO: Iter 1100 Summary: 
[2024-01-29 07:34:42,206] INFO: 	 lr: 0.00030000000000000073 	 Training loss: 0.06287064172327518
[2024-01-29 07:34:45,106] INFO: Iter 1200 Summary: 
[2024-01-29 07:34:45,106] INFO: 	 lr: 0.00030000000000000073 	 Training loss: 0.062297210060060025
